2023-06-28 10:05:08,494 INFO o.a.j.u.JMeterUtils: Setting Locale to en_EN
2023-06-28 10:05:08,531 INFO o.a.j.JMeter: Loading user properties from: /usr/local/Cellar/jmeter/5.6/libexec/bin/user.properties
2023-06-28 10:05:08,532 INFO o.a.j.JMeter: Loading system properties from: /usr/local/Cellar/jmeter/5.6/libexec/bin/system.properties
2023-06-28 10:05:08,542 INFO o.a.j.JMeter: Copyright (c) 1998-2023 The Apache Software Foundation
2023-06-28 10:05:08,543 INFO o.a.j.JMeter: Version 5.6
2023-06-28 10:05:08,543 INFO o.a.j.JMeter: java.version=17.0.7
2023-06-28 10:05:08,543 INFO o.a.j.JMeter: java.vm.name=OpenJDK 64-Bit Server VM
2023-06-28 10:05:08,543 INFO o.a.j.JMeter: os.name=Mac OS X
2023-06-28 10:05:08,543 INFO o.a.j.JMeter: os.arch=x86_64
2023-06-28 10:05:08,543 INFO o.a.j.JMeter: os.version=13.2.1
2023-06-28 10:05:08,543 INFO o.a.j.JMeter: file.encoding=UTF-8
2023-06-28 10:05:08,544 INFO o.a.j.JMeter: java.awt.headless=null
2023-06-28 10:05:08,544 INFO o.a.j.JMeter: Max memory     =1073741824
2023-06-28 10:05:08,544 INFO o.a.j.JMeter: Available Processors =8
2023-06-28 10:05:08,558 INFO o.a.j.JMeter: Default Locale=English (EN)
2023-06-28 10:05:08,559 INFO o.a.j.JMeter: JMeter  Locale=English (EN)
2023-06-28 10:05:08,560 INFO o.a.j.JMeter: JMeterHome=/usr/local/Cellar/jmeter/5.6/libexec
2023-06-28 10:05:08,560 INFO o.a.j.JMeter: user.dir  =/Users/MatthewFallon/Apps/recipe-app
2023-06-28 10:05:08,560 INFO o.a.j.JMeter: PWD       =/Users/MatthewFallon/Apps/recipe-app
2023-06-28 10:05:08,562 INFO o.a.j.JMeter: IP: 127.0.0.1 Name: SNA-IRLDEV-011.local FullName: localhost
2023-06-28 10:05:08,589 INFO o.a.j.JMeter: Loaded icon properties from org/apache/jmeter/images/icon.properties
2023-06-28 10:05:10,052 INFO o.a.j.JMeterGuiLauncher: Setting LAF to: com.github.weisj.darklaf.DarkLaf:com.github.weisj.darklaf.theme.DarculaTheme
2023-06-28 10:05:12,952 INFO o.a.j.r.ClassFinder: Will scan jar /usr/local/Cellar/jmeter/5.6/libexec/lib/ext/jmeter-plugins-manager-1.9.jar with filter ExtendsClassFilter [parents=[interface org.apache.jmeter.gui.action.Command], inner=false, contains=null, notContains=null]. Consider exposing JMeter plugins via META-INF/services, and add JMeter-Skip-Class-Scanning=true manifest attribute so JMeter can skip classfile scanning
2023-06-28 10:05:13,147 INFO o.a.j.r.ClassFinder: Will scan jar /usr/local/Cellar/jmeter/5.6/libexec/lib/ext/jmeter-plugins-manager-1.9.jar with filter ExtendsClassFilter [parents=[interface org.apache.jmeter.gui.plugin.MenuCreator], inner=false, contains=null, notContains=null]. Consider exposing JMeter plugins via META-INF/services, and add JMeter-Skip-Class-Scanning=true manifest attribute so JMeter can skip classfile scanning
2023-06-28 10:05:13,292 INFO o.j.r.JARSourceHTTP: Requesting https://jmeter-plugins.org/repo/?installID=mac_os_x-edd4c390ce8c7d76bdfd2f2b34de5f81-gui
2023-06-28 10:05:15,342 INFO o.j.r.PluginManager: Plugins Status: [jpgc-plugins-manager=1.9, jmeter-core=5.6, jmeter-ftp=5.6, jmeter-http=5.6, jmeter-jdbc=5.6, jmeter-jms=5.6, jmeter-junit=5.6, jmeter-java=5.6, jmeter-ldap=5.6, jmeter-mail=5.6, jmeter-mongodb=5.6, jmeter-native=5.6, jmeter-tcp=5.6, jmeter-components=5.6]
2023-06-28 10:06:07,857 INFO o.a.j.e.StandardJMeterEngine: Running the test!
2023-06-28 10:06:07,859 INFO o.a.j.s.SampleEvent: List of sample_variables: []
2023-06-28 10:06:07,859 INFO o.a.j.s.SampleEvent: List of sample_variables: []
2023-06-28 10:06:07,862 INFO o.a.j.e.u.CompoundVariable: Note: Function class names must contain the string: '.functions.'
2023-06-28 10:06:07,863 INFO o.a.j.e.u.CompoundVariable: Note: Function class names must not contain the string: '.gui.'
2023-06-28 10:06:07,946 INFO o.a.j.r.ClassFinder: Will scan jar /usr/local/Cellar/jmeter/5.6/libexec/lib/ext/jmeter-plugins-manager-1.9.jar with filter ExtendsClassFilter [parents=[interface org.apache.jmeter.functions.Function], inner=false, contains=null, notContains=null]. Consider exposing JMeter plugins via META-INF/services, and add JMeter-Skip-Class-Scanning=true manifest attribute so JMeter can skip classfile scanning
2023-06-28 10:06:07,957 INFO o.a.j.g.u.JMeterMenuBar: setRunning(true, *local*)
2023-06-28 10:06:07,985 INFO o.a.j.e.StandardJMeterEngine: No enabled thread groups found
2023-06-28 10:06:07,986 INFO o.a.j.e.StandardJMeterEngine: Notifying test listeners of end of test
2023-06-28 10:06:07,989 INFO o.a.j.s.FileServer: Default base='/Users/MatthewFallon/Apps/recipe-app'
2023-06-28 10:06:07,989 INFO o.a.j.g.u.JMeterMenuBar: setRunning(false, *local*)
